<?xml version="1.0" encoding="UTF-8"?>
<!-- Generated by org.testng.reporters.JUnitXMLReporter -->
<testsuite ignored="2" hostname="Jitesh" failures="0" tests="1" name="Test" time="7.708" errors="0" timestamp="2025-04-23T00:15:34 IST">
  <testcase classname="testcases.LoginTest" name="LoginToSiteTest" time="4.935"/>
  <testcase classname="base.TestBase" name="@BeforeTest setUp" time="0.0">
    <ignored/>
  </testcase> <!-- @BeforeTest setUp -->
  <testcase classname="base.TestBase" name="@AfterTest tearDown" time="0.0">
    <ignored/>
  </testcase> <!-- @AfterTest tearDown -->
</testsuite> <!-- Test -->
