<?xml version="1.0" encoding="UTF-8"?>
<testng-results ignored="0" total="1" passed="1" failed="0" skipped="0">
  <reporter-output>
  </reporter-output>
  <suite started-at="2025-04-23T00:19:52 IST" name="Default suite" finished-at="2025-04-23T00:20:01 IST" duration-ms="8406">
    <groups>
    </groups>
    <test started-at="2025-04-23T00:19:52 IST" name="Default test" finished-at="2025-04-23T00:20:01 IST" duration-ms="8406">
      <class name="testcases.LoginTest">
        <test-method is-config="true" signature="setUp()[pri:0, instance:testcases.LoginTest@2118cddf]" started-at="2025-04-23T00:19:52 IST" name="setUp" finished-at="2025-04-23T00:19:56 IST" duration-ms="3014" status="PASS">
          <reporter-output>
          </reporter-output>
        </test-method> <!-- setUp -->
        <test-method signature="LoginToSiteTest()[pri:0, instance:testcases.LoginTest@2118cddf]" started-at="2025-04-23T00:19:56 IST" name="LoginToSiteTest" finished-at="2025-04-23T00:20:01 IST" duration-ms="5027" status="PASS">
          <reporter-output>
          </reporter-output>
        </test-method> <!-- LoginToSiteTest -->
        <test-method is-config="true" signature="tearDown()[pri:0, instance:testcases.LoginTest@2118cddf]" started-at="2025-04-23T00:20:01 IST" name="tearDown" finished-at="2025-04-23T00:20:01 IST" duration-ms="309" status="PASS">
          <reporter-output>
          </reporter-output>
        </test-method> <!-- tearDown -->
      </class> <!-- testcases.LoginTest -->
    </test> <!-- Default test -->
  </suite> <!-- Default suite -->
</testng-results>
